{"C:\\Users\\calvi\\OneDrive - Quinnipiac University\\SER-330\\e-commerce-backend\\backend\\config\\config.js": {"path":"C:\\Users\\calvi\\OneDrive - Quinnipiac University\\SER-330\\e-commerce-backend\\backend\\config\\config.js","statementMap":{"0":{"start":{"line":1,"column":12},"end":{"line":4,"column":1}},"1":{"start":{"line":5,"column":0},"end":{"line":5,"column":25}}},"fnMap":{},"branchMap":{"0":{"loc":{"start":{"line":2,"column":7},"end":{"line":2,"column":58}},"type":"binary-expr","locations":[{"start":{"line":2,"column":7},"end":{"line":2,"column":29}},{"start":{"line":2,"column":33},"end":{"line":2,"column":58}}],"line":2}},"s":{"0":5,"1":5},"f":{},"b":{"0":[5,5]},"_coverageSchema":"1a1c01bbd47fc00a2c39e90264f33305004495a9","hash":"65c7b84668ece9532c0d3401eb8f7d09cdab6e21"}
,"C:\\Users\\calvi\\OneDrive - Quinnipiac University\\SER-330\\e-commerce-backend\\backend\\config\\db.js": {"path":"C:\\Users\\calvi\\OneDrive - Quinnipiac University\\SER-330\\e-commerce-backend\\backend\\config\\db.js","statementMap":{"0":{"start":{"line":1,"column":0},"end":{"line":1,"column":27}},"1":{"start":{"line":2,"column":17},"end":{"line":2,"column":36}},"2":{"start":{"line":4,"column":18},"end":{"line":20,"column":1}},"3":{"start":{"line":5,"column":2},"end":{"line":19,"column":3}},"4":{"start":{"line":6,"column":4},"end":{"line":12,"column":6}},"5":{"start":{"line":14,"column":4},"end":{"line":14,"column":45}},"6":{"start":{"line":16,"column":4},"end":{"line":16,"column":45}},"7":{"start":{"line":17,"column":4},"end":{"line":17,"column":33}},"8":{"start":{"line":18,"column":4},"end":{"line":18,"column":19}},"9":{"start":{"line":22,"column":0},"end":{"line":22,"column":31}}},"fnMap":{"0":{"name":"(anonymous_0)","decl":{"start":{"line":4,"column":18},"end":{"line":4,"column":19}},"loc":{"start":{"line":4,"column":30},"end":{"line":20,"column":1}},"line":4}},"branchMap":{},"s":{"0":8,"1":8,"2":8,"3":8,"4":8,"5":8,"6":0,"7":0,"8":0,"9":8},"f":{"0":8},"b":{},"_coverageSchema":"1a1c01bbd47fc00a2c39e90264f33305004495a9","hash":"8c4b8d3a971bcdc11ffe64bda4e4cbc6d24fbdd4"}
,"C:\\Users\\calvi\\OneDrive - Quinnipiac University\\SER-330\\e-commerce-backend\\backend\\controller\\cart.controller.js": {"path":"C:\\Users\\calvi\\OneDrive - Quinnipiac University\\SER-330\\e-commerce-backend\\backend\\controller\\cart.controller.js","statementMap":{"0":{"start":{"line":1,"column":13},"end":{"line":1,"column":38}},"1":{"start":{"line":2,"column":30},"end":{"line":2,"column":65}},"2":{"start":{"line":4,"column":24},"end":{"line":13,"column":1}},"3":{"start":{"line":5,"column":2},"end":{"line":12,"column":3}},"4":{"start":{"line":6,"column":18},"end":{"line":6,"column":81}},"5":{"start":{"line":8,"column":4},"end":{"line":8,"column":49}},"6":{"start":{"line":10,"column":4},"end":{"line":10,"column":21}},"7":{"start":{"line":11,"column":4},"end":{"line":11,"column":47}},"8":{"start":{"line":15,"column":25},"end":{"line":39,"column":1}},"9":{"start":{"line":16,"column":20},"end":{"line":16,"column":49}},"10":{"start":{"line":17,"column":16},"end":{"line":17,"column":41}},"11":{"start":{"line":18,"column":2},"end":{"line":38,"column":3}},"12":{"start":{"line":19,"column":15},"end":{"line":23,"column":5}},"13":{"start":{"line":25,"column":4},"end":{"line":32,"column":5}},"14":{"start":{"line":26,"column":6},"end":{"line":30,"column":9}},"15":{"start":{"line":31,"column":6},"end":{"line":31,"column":24}},"16":{"start":{"line":34,"column":4},"end":{"line":34,"column":48}},"17":{"start":{"line":36,"column":4},"end":{"line":36,"column":21}},"18":{"start":{"line":37,"column":4},"end":{"line":37,"column":47}},"19":{"start":{"line":40,"column":28},"end":{"line":48,"column":1}},"20":{"start":{"line":41,"column":2},"end":{"line":47,"column":3}},"21":{"start":{"line":42,"column":4},"end":{"line":42,"column":48}},"22":{"start":{"line":43,"column":4},"end":{"line":43,"column":42}},"23":{"start":{"line":45,"column":4},"end":{"line":45,"column":21}},"24":{"start":{"line":46,"column":4},"end":{"line":46,"column":47}},"25":{"start":{"line":49,"column":0},"end":{"line":49,"column":76}}},"fnMap":{"0":{"name":"(anonymous_0)","decl":{"start":{"line":4,"column":24},"end":{"line":4,"column":25}},"loc":{"start":{"line":4,"column":44},"end":{"line":13,"column":1}},"line":4},"1":{"name":"(anonymous_1)","decl":{"start":{"line":15,"column":25},"end":{"line":15,"column":26}},"loc":{"start":{"line":15,"column":45},"end":{"line":39,"column":1}},"line":15},"2":{"name":"(anonymous_2)","decl":{"start":{"line":40,"column":28},"end":{"line":40,"column":29}},"loc":{"start":{"line":40,"column":48},"end":{"line":48,"column":1}},"line":40}},"branchMap":{"0":{"loc":{"start":{"line":25,"column":4},"end":{"line":32,"column":5}},"type":"if","locations":[{"start":{"line":25,"column":4},"end":{"line":32,"column":5}},{"start":{},"end":{}}],"line":25}},"s":{"0":1,"1":1,"2":1,"3":1,"4":1,"5":1,"6":0,"7":0,"8":1,"9":4,"10":4,"11":4,"12":4,"13":3,"14":3,"15":3,"16":3,"17":1,"18":1,"19":1,"20":1,"21":1,"22":1,"23":0,"24":0,"25":1},"f":{"0":1,"1":4,"2":1},"b":{"0":[3,0]},"_coverageSchema":"1a1c01bbd47fc00a2c39e90264f33305004495a9","hash":"cc12df10f4710e05ccfaa1287d6ad8b108ceb60d"}
,"C:\\Users\\calvi\\OneDrive - Quinnipiac University\\SER-330\\e-commerce-backend\\backend\\controller\\productControllers.js": {"path":"C:\\Users\\calvi\\OneDrive - Quinnipiac University\\SER-330\\e-commerce-backend\\backend\\controller\\productControllers.js","statementMap":{"0":{"start":{"line":1,"column":16},"end":{"line":1,"column":44}},"1":{"start":{"line":3,"column":20},"end":{"line":11,"column":1}},"2":{"start":{"line":4,"column":2},"end":{"line":10,"column":3}},"3":{"start":{"line":5,"column":21},"end":{"line":5,"column":43}},"4":{"start":{"line":6,"column":4},"end":{"line":6,"column":23}},"5":{"start":{"line":8,"column":4},"end":{"line":8,"column":25}},"6":{"start":{"line":9,"column":4},"end":{"line":9,"column":54}},"7":{"start":{"line":13,"column":23},"end":{"line":22,"column":1}},"8":{"start":{"line":14,"column":2},"end":{"line":21,"column":3}},"9":{"start":{"line":15,"column":20},"end":{"line":15,"column":57}},"10":{"start":{"line":17,"column":4},"end":{"line":17,"column":22}},"11":{"start":{"line":19,"column":4},"end":{"line":19,"column":25}},"12":{"start":{"line":20,"column":4},"end":{"line":20,"column":54}},"13":{"start":{"line":24,"column":0},"end":{"line":27,"column":2}}},"fnMap":{"0":{"name":"(anonymous_0)","decl":{"start":{"line":3,"column":20},"end":{"line":3,"column":21}},"loc":{"start":{"line":3,"column":40},"end":{"line":11,"column":1}},"line":3},"1":{"name":"(anonymous_1)","decl":{"start":{"line":13,"column":23},"end":{"line":13,"column":24}},"loc":{"start":{"line":13,"column":43},"end":{"line":22,"column":1}},"line":13}},"branchMap":{},"s":{"0":1,"1":1,"2":1,"3":1,"4":1,"5":0,"6":0,"7":1,"8":1,"9":1,"10":1,"11":0,"12":0,"13":1},"f":{"0":1,"1":1},"b":{},"_coverageSchema":"1a1c01bbd47fc00a2c39e90264f33305004495a9","hash":"a4c3f4b7862327bb00046eba839964bb9a5b3526"}
,"C:\\Users\\calvi\\OneDrive - Quinnipiac University\\SER-330\\e-commerce-backend\\backend\\controller\\user.controller.js": {"path":"C:\\Users\\calvi\\OneDrive - Quinnipiac University\\SER-330\\e-commerce-backend\\backend\\controller\\user.controller.js","statementMap":{"0":{"start":{"line":1,"column":15},"end":{"line":1,"column":32}},"1":{"start":{"line":2,"column":13},"end":{"line":2,"column":38}},"2":{"start":{"line":3,"column":30},"end":{"line":3,"column":65}},"3":{"start":{"line":4,"column":36},"end":{"line":4,"column":72}},"4":{"start":{"line":6,"column":19},"end":{"line":17,"column":1}},"5":{"start":{"line":7,"column":23},"end":{"line":7,"column":31}},"6":{"start":{"line":8,"column":2},"end":{"line":16,"column":3}},"7":{"start":{"line":9,"column":17},"end":{"line":9,"column":47}},"8":{"start":{"line":11,"column":4},"end":{"line":11,"column":55}},"9":{"start":{"line":12,"column":4},"end":{"line":12,"column":57}},"10":{"start":{"line":14,"column":4},"end":{"line":14,"column":33}},"11":{"start":{"line":15,"column":4},"end":{"line":15,"column":68}},"12":{"start":{"line":19,"column":19},"end":{"line":40,"column":1}},"13":{"start":{"line":20,"column":23},"end":{"line":20,"column":31}},"14":{"start":{"line":21,"column":16},"end":{"line":21,"column":41}},"15":{"start":{"line":22,"column":2},"end":{"line":39,"column":3}},"16":{"start":{"line":23,"column":17},"end":{"line":23,"column":46}},"17":{"start":{"line":24,"column":4},"end":{"line":27,"column":5}},"18":{"start":{"line":25,"column":6},"end":{"line":25,"column":64}},"19":{"start":{"line":26,"column":6},"end":{"line":26,"column":12}},"20":{"start":{"line":29,"column":17},"end":{"line":29,"column":61}},"21":{"start":{"line":30,"column":4},"end":{"line":34,"column":5}},"22":{"start":{"line":31,"column":20},"end":{"line":31,"column":34}},"23":{"start":{"line":32,"column":6},"end":{"line":32,"column":52}},"24":{"start":{"line":33,"column":6},"end":{"line":33,"column":12}},"25":{"start":{"line":35,"column":4},"end":{"line":35,"column":53}},"26":{"start":{"line":37,"column":4},"end":{"line":37,"column":30}},"27":{"start":{"line":38,"column":4},"end":{"line":38,"column":47}},"28":{"start":{"line":42,"column":16},"end":{"line":44,"column":1}},"29":{"start":{"line":43,"column":2},"end":{"line":43,"column":42}},"30":{"start":{"line":45,"column":0},"end":{"line":45,"column":53}}},"fnMap":{"0":{"name":"(anonymous_0)","decl":{"start":{"line":6,"column":19},"end":{"line":6,"column":20}},"loc":{"start":{"line":6,"column":39},"end":{"line":17,"column":1}},"line":6},"1":{"name":"(anonymous_1)","decl":{"start":{"line":19,"column":19},"end":{"line":19,"column":20}},"loc":{"start":{"line":19,"column":39},"end":{"line":40,"column":1}},"line":19},"2":{"name":"(anonymous_2)","decl":{"start":{"line":42,"column":16},"end":{"line":42,"column":17}},"loc":{"start":{"line":42,"column":36},"end":{"line":44,"column":1}},"line":42}},"branchMap":{"0":{"loc":{"start":{"line":24,"column":4},"end":{"line":27,"column":5}},"type":"if","locations":[{"start":{"line":24,"column":4},"end":{"line":27,"column":5}},{"start":{},"end":{}}],"line":24},"1":{"loc":{"start":{"line":30,"column":4},"end":{"line":34,"column":5}},"type":"if","locations":[{"start":{"line":30,"column":4},"end":{"line":34,"column":5}},{"start":{},"end":{}}],"line":30}},"s":{"0":1,"1":1,"2":1,"3":1,"4":1,"5":5,"6":5,"7":5,"8":4,"9":1,"10":4,"11":4,"12":1,"13":3,"14":3,"15":3,"16":3,"17":3,"18":1,"19":1,"20":2,"21":2,"22":1,"23":1,"24":1,"25":1,"26":0,"27":0,"28":1,"29":1,"30":1},"f":{"0":5,"1":3,"2":1},"b":{"0":[1,2],"1":[1,1]},"_coverageSchema":"1a1c01bbd47fc00a2c39e90264f33305004495a9","hash":"ed2954cb8f4edc4edbd742aeed36f57eacd520b7"}
,"C:\\Users\\calvi\\OneDrive - Quinnipiac University\\SER-330\\e-commerce-backend\\backend\\middleware\\middleware.js": {"path":"C:\\Users\\calvi\\OneDrive - Quinnipiac University\\SER-330\\e-commerce-backend\\backend\\middleware\\middleware.js","statementMap":{"0":{"start":{"line":1,"column":13},"end":{"line":1,"column":38}},"1":{"start":{"line":2,"column":24},"end":{"line":2,"column":60}},"2":{"start":{"line":4,"column":26},"end":{"line":6,"column":1}},"3":{"start":{"line":5,"column":2},"end":{"line":5,"column":63}},"4":{"start":{"line":8,"column":19},"end":{"line":29,"column":1}},"5":{"start":{"line":9,"column":28},"end":{"line":9,"column":39}},"6":{"start":{"line":10,"column":2},"end":{"line":13,"column":3}},"7":{"start":{"line":11,"column":4},"end":{"line":11,"column":59}},"8":{"start":{"line":12,"column":4},"end":{"line":12,"column":10}},"9":{"start":{"line":15,"column":2},"end":{"line":28,"column":3}},"10":{"start":{"line":16,"column":20},"end":{"line":16,"column":66}},"11":{"start":{"line":17,"column":4},"end":{"line":17,"column":25}},"12":{"start":{"line":18,"column":4},"end":{"line":24,"column":5}},"13":{"start":{"line":19,"column":6},"end":{"line":19,"column":69}},"14":{"start":{"line":21,"column":6},"end":{"line":21,"column":12}},"15":{"start":{"line":23,"column":6},"end":{"line":23,"column":59}},"16":{"start":{"line":26,"column":4},"end":{"line":26,"column":31}},"17":{"start":{"line":27,"column":4},"end":{"line":27,"column":47}},"18":{"start":{"line":31,"column":0},"end":{"line":34,"column":2}}},"fnMap":{"0":{"name":"(anonymous_0)","decl":{"start":{"line":4,"column":26},"end":{"line":4,"column":27}},"loc":{"start":{"line":4,"column":52},"end":{"line":6,"column":1}},"line":4},"1":{"name":"(anonymous_1)","decl":{"start":{"line":8,"column":19},"end":{"line":8,"column":20}},"loc":{"start":{"line":8,"column":45},"end":{"line":29,"column":1}},"line":8}},"branchMap":{"0":{"loc":{"start":{"line":5,"column":13},"end":{"line":5,"column":30}},"type":"binary-expr","locations":[{"start":{"line":5,"column":13},"end":{"line":5,"column":23}},{"start":{"line":5,"column":27},"end":{"line":5,"column":30}}],"line":5},"1":{"loc":{"start":{"line":5,"column":37},"end":{"line":5,"column":62}},"type":"binary-expr","locations":[{"start":{"line":5,"column":37},"end":{"line":5,"column":40}},{"start":{"line":5,"column":44},"end":{"line":5,"column":62}}],"line":5},"2":{"loc":{"start":{"line":10,"column":2},"end":{"line":13,"column":3}},"type":"if","locations":[{"start":{"line":10,"column":2},"end":{"line":13,"column":3}},{"start":{},"end":{}}],"line":10},"3":{"loc":{"start":{"line":10,"column":8},"end":{"line":10,"column":60}},"type":"binary-expr","locations":[{"start":{"line":10,"column":8},"end":{"line":10,"column":21}},{"start":{"line":10,"column":25},"end":{"line":10,"column":60}}],"line":10},"4":{"loc":{"start":{"line":18,"column":4},"end":{"line":24,"column":5}},"type":"if","locations":[{"start":{"line":18,"column":4},"end":{"line":24,"column":5}},{"start":{"line":22,"column":11},"end":{"line":24,"column":5}}],"line":18}},"s":{"0":3,"1":3,"2":3,"3":13,"4":3,"5":12,"6":12,"7":3,"8":3,"9":9,"10":9,"11":8,"12":8,"13":8,"14":8,"15":0,"16":1,"17":1,"18":3},"f":{"0":13,"1":12},"b":{"0":[13,1],"1":[13,1],"2":[3,9],"3":[12,10],"4":[8,0]},"_coverageSchema":"1a1c01bbd47fc00a2c39e90264f33305004495a9","hash":"0d125514e5400978f756740f82f3d7423bb9abb4"}
,"C:\\Users\\calvi\\OneDrive - Quinnipiac University\\SER-330\\e-commerce-backend\\backend\\models\\Cart.js": {"path":"C:\\Users\\calvi\\OneDrive - Quinnipiac University\\SER-330\\e-commerce-backend\\backend\\models\\Cart.js","statementMap":{"0":{"start":{"line":1,"column":17},"end":{"line":1,"column":36}},"1":{"start":{"line":3,"column":19},"end":{"line":23,"column":1}},"2":{"start":{"line":25,"column":13},"end":{"line":25,"column":47}},"3":{"start":{"line":26,"column":0},"end":{"line":26,"column":22}}},"fnMap":{},"branchMap":{},"s":{"0":2,"1":2,"2":2,"3":2},"f":{},"b":{},"_coverageSchema":"1a1c01bbd47fc00a2c39e90264f33305004495a9","hash":"22bb04d8ef7f2e7e1480c691022c37bfa7b02ea8"}
,"C:\\Users\\calvi\\OneDrive - Quinnipiac University\\SER-330\\e-commerce-backend\\backend\\models\\Product.js": {"path":"C:\\Users\\calvi\\OneDrive - Quinnipiac University\\SER-330\\e-commerce-backend\\backend\\models\\Product.js","statementMap":{"0":{"start":{"line":1,"column":17},"end":{"line":1,"column":36}},"1":{"start":{"line":3,"column":22},"end":{"line":24,"column":2}},"2":{"start":{"line":26,"column":16},"end":{"line":26,"column":56}},"3":{"start":{"line":28,"column":0},"end":{"line":28,"column":25}}},"fnMap":{},"branchMap":{},"s":{"0":4,"1":4,"2":4,"3":4},"f":{},"b":{},"_coverageSchema":"1a1c01bbd47fc00a2c39e90264f33305004495a9","hash":"9cf1313ba9277e7a1e2d12a390232b4e540eaf40"}
,"C:\\Users\\calvi\\OneDrive - Quinnipiac University\\SER-330\\e-commerce-backend\\backend\\models\\User.js": {"path":"C:\\Users\\calvi\\OneDrive - Quinnipiac University\\SER-330\\e-commerce-backend\\backend\\models\\User.js","statementMap":{"0":{"start":{"line":1,"column":17},"end":{"line":1,"column":36}},"1":{"start":{"line":3,"column":19},"end":{"line":19,"column":1}},"2":{"start":{"line":21,"column":13},"end":{"line":21,"column":47}},"3":{"start":{"line":22,"column":0},"end":{"line":22,"column":22}}},"fnMap":{},"branchMap":{},"s":{"0":6,"1":6,"2":6,"3":6},"f":{},"b":{},"_coverageSchema":"1a1c01bbd47fc00a2c39e90264f33305004495a9","hash":"230249a2ffcfc16dcdc3244928a236ce9b13e58f"}
,"C:\\Users\\calvi\\OneDrive - Quinnipiac University\\SER-330\\e-commerce-backend\\backend\\routes\\cartRoutes.js": {"path":"C:\\Users\\calvi\\OneDrive - Quinnipiac University\\SER-330\\e-commerce-backend\\backend\\routes\\cartRoutes.js","statementMap":{"0":{"start":{"line":1,"column":16},"end":{"line":1,"column":34}},"1":{"start":{"line":6,"column":4},"end":{"line":6,"column":44}},"2":{"start":{"line":7,"column":23},"end":{"line":7,"column":58}},"3":{"start":{"line":8,"column":15},"end":{"line":8,"column":31}},"4":{"start":{"line":10,"column":0},"end":{"line":13,"column":38}},"5":{"start":{"line":15,"column":0},"end":{"line":15,"column":61}},"6":{"start":{"line":17,"column":0},"end":{"line":17,"column":24}}},"fnMap":{},"branchMap":{},"s":{"0":1,"1":1,"2":1,"3":1,"4":1,"5":1,"6":1},"f":{},"b":{},"_coverageSchema":"1a1c01bbd47fc00a2c39e90264f33305004495a9","hash":"bcd4deb84eef14ead34bd00a5da5819fcf8f2990"}
,"C:\\Users\\calvi\\OneDrive - Quinnipiac University\\SER-330\\e-commerce-backend\\backend\\routes\\productRoutes.js": {"path":"C:\\Users\\calvi\\OneDrive - Quinnipiac University\\SER-330\\e-commerce-backend\\backend\\routes\\productRoutes.js","statementMap":{"0":{"start":{"line":1,"column":16},"end":{"line":1,"column":34}},"1":{"start":{"line":2,"column":15},"end":{"line":2,"column":31}},"2":{"start":{"line":6,"column":4},"end":{"line":6,"column":47}},"3":{"start":{"line":8,"column":0},"end":{"line":8,"column":29}},"4":{"start":{"line":9,"column":0},"end":{"line":9,"column":35}},"5":{"start":{"line":11,"column":0},"end":{"line":11,"column":24}}},"fnMap":{},"branchMap":{},"s":{"0":1,"1":1,"2":1,"3":1,"4":1,"5":1},"f":{},"b":{},"_coverageSchema":"1a1c01bbd47fc00a2c39e90264f33305004495a9","hash":"7f554617cfaac4743cb1fd0209f9b8008c22c9bd"}
,"C:\\Users\\calvi\\OneDrive - Quinnipiac University\\SER-330\\e-commerce-backend\\backend\\routes\\userRoutes.js": {"path":"C:\\Users\\calvi\\OneDrive - Quinnipiac University\\SER-330\\e-commerce-backend\\backend\\routes\\userRoutes.js","statementMap":{"0":{"start":{"line":1,"column":16},"end":{"line":1,"column":34}},"1":{"start":{"line":6,"column":4},"end":{"line":6,"column":44}},"2":{"start":{"line":7,"column":23},"end":{"line":7,"column":58}},"3":{"start":{"line":8,"column":15},"end":{"line":8,"column":31}},"4":{"start":{"line":10,"column":0},"end":{"line":10,"column":35}},"5":{"start":{"line":11,"column":0},"end":{"line":11,"column":35}},"6":{"start":{"line":13,"column":0},"end":{"line":13,"column":45}},"7":{"start":{"line":15,"column":0},"end":{"line":15,"column":24}}},"fnMap":{},"branchMap":{},"s":{"0":1,"1":1,"2":1,"3":1,"4":1,"5":1,"6":1,"7":1},"f":{},"b":{},"_coverageSchema":"1a1c01bbd47fc00a2c39e90264f33305004495a9","hash":"63369cb15482d780f4c88aa2a85f0ce69eb004e7"}
,"C:\\Users\\calvi\\OneDrive - Quinnipiac University\\SER-330\\e-commerce-backend\\backend\\utils\\utility.function.js": {"path":"C:\\Users\\calvi\\OneDrive - Quinnipiac University\\SER-330\\e-commerce-backend\\backend\\utils\\utility.function.js","statementMap":{"0":{"start":{"line":1,"column":15},"end":{"line":1,"column":32}},"1":{"start":{"line":2,"column":12},"end":{"line":2,"column":35}},"2":{"start":{"line":3,"column":16},"end":{"line":3,"column":43}},"3":{"start":{"line":4,"column":22},"end":{"line":14,"column":1}},"4":{"start":{"line":5,"column":2},"end":{"line":13,"column":4}},"5":{"start":{"line":6,"column":4},"end":{"line":12,"column":6}},"6":{"start":{"line":7,"column":6},"end":{"line":9,"column":7}},"7":{"start":{"line":8,"column":8},"end":{"line":8,"column":19}},"8":{"start":{"line":11,"column":6},"end":{"line":11,"column":19}},"9":{"start":{"line":16,"column":17},"end":{"line":20,"column":1}},"10":{"start":{"line":17,"column":2},"end":{"line":19,"column":4}},"11":{"start":{"line":22,"column":20},"end":{"line":30,"column":4}},"12":{"start":{"line":23,"column":2},"end":{"line":30,"column":4}},"13":{"start":{"line":24,"column":4},"end":{"line":29,"column":6}},"14":{"start":{"line":25,"column":6},"end":{"line":27,"column":7}},"15":{"start":{"line":26,"column":8},"end":{"line":26,"column":20}},"16":{"start":{"line":28,"column":6},"end":{"line":28,"column":22}},"17":{"start":{"line":32,"column":0},"end":{"line":32,"column":58}}},"fnMap":{"0":{"name":"(anonymous_0)","decl":{"start":{"line":4,"column":22},"end":{"line":4,"column":23}},"loc":{"start":{"line":4,"column":50},"end":{"line":14,"column":1}},"line":4},"1":{"name":"(anonymous_1)","decl":{"start":{"line":5,"column":21},"end":{"line":5,"column":22}},"loc":{"start":{"line":5,"column":42},"end":{"line":13,"column":3}},"line":5},"2":{"name":"(anonymous_2)","decl":{"start":{"line":6,"column":43},"end":{"line":6,"column":44}},"loc":{"start":{"line":6,"column":58},"end":{"line":12,"column":5}},"line":6},"3":{"name":"(anonymous_3)","decl":{"start":{"line":16,"column":17},"end":{"line":16,"column":18}},"loc":{"start":{"line":16,"column":25},"end":{"line":20,"column":1}},"line":16},"4":{"name":"(anonymous_4)","decl":{"start":{"line":22,"column":20},"end":{"line":22,"column":21}},"loc":{"start":{"line":23,"column":2},"end":{"line":30,"column":4}},"line":23},"5":{"name":"(anonymous_5)","decl":{"start":{"line":23,"column":14},"end":{"line":23,"column":15}},"loc":{"start":{"line":23,"column":35},"end":{"line":30,"column":3}},"line":23},"6":{"name":"(anonymous_6)","decl":{"start":{"line":24,"column":31},"end":{"line":24,"column":32}},"loc":{"start":{"line":24,"column":49},"end":{"line":29,"column":5}},"line":24}},"branchMap":{"0":{"loc":{"start":{"line":7,"column":6},"end":{"line":9,"column":7}},"type":"if","locations":[{"start":{"line":7,"column":6},"end":{"line":9,"column":7}},{"start":{},"end":{}}],"line":7},"1":{"loc":{"start":{"line":25,"column":6},"end":{"line":27,"column":7}},"type":"if","locations":[{"start":{"line":25,"column":6},"end":{"line":27,"column":7}},{"start":{},"end":{}}],"line":25}},"s":{"0":5,"1":5,"2":5,"3":5,"4":4,"5":4,"6":4,"7":0,"8":4,"9":5,"10":8,"11":5,"12":10,"13":10,"14":10,"15":1,"16":10,"17":5},"f":{"0":4,"1":4,"2":4,"3":8,"4":10,"5":10,"6":10},"b":{"0":[0,4],"1":[1,9]},"_coverageSchema":"1a1c01bbd47fc00a2c39e90264f33305004495a9","hash":"74bbb33b794c4ec2ed38808f3edb80359eb1c110"}
}
