TN:
SF:backend\config\config.js
FNF:0
FNH:0
DA:1,5
DA:5,5
LF:2
LH:2
BRDA:2,0,0,5
BRDA:2,0,1,5
BRF:2
BRH:2
end_of_record
TN:
SF:backend\config\db.js
FN:4,(anonymous_0)
FNF:1
FNH:1
FNDA:8,(anonymous_0)
DA:1,8
DA:2,8
DA:4,8
DA:5,8
DA:6,8
DA:14,8
DA:16,0
DA:17,0
DA:18,0
DA:22,8
LF:10
LH:7
BRF:0
BRH:0
end_of_record
TN:
SF:backend\controller\cart.controller.js
FN:4,(anonymous_0)
FN:15,(anonymous_1)
FN:40,(anonymous_2)
FNF:3
FNH:3
FNDA:1,(anonymous_0)
FNDA:4,(anonymous_1)
FNDA:1,(anonymous_2)
DA:1,1
DA:2,1
DA:4,1
DA:5,1
DA:6,1
DA:8,1
DA:10,0
DA:11,0
DA:15,1
DA:16,4
DA:17,4
DA:18,4
DA:19,4
DA:25,3
DA:26,3
DA:31,3
DA:34,3
DA:36,1
DA:37,1
DA:40,1
DA:41,1
DA:42,1
DA:43,1
DA:45,0
DA:46,0
DA:49,1
LF:26
LH:22
BRDA:25,0,0,3
BRDA:25,0,1,0
BRF:2
BRH:1
end_of_record
TN:
SF:backend\controller\productControllers.js
FN:3,(anonymous_0)
FN:13,(anonymous_1)
FNF:2
FNH:2
FNDA:1,(anonymous_0)
FNDA:1,(anonymous_1)
DA:1,1
DA:3,1
DA:4,1
DA:5,1
DA:6,1
DA:8,0
DA:9,0
DA:13,1
DA:14,1
DA:15,1
DA:17,1
DA:19,0
DA:20,0
DA:24,1
LF:14
LH:10
BRF:0
BRH:0
end_of_record
TN:
SF:backend\controller\user.controller.js
FN:6,(anonymous_0)
FN:19,(anonymous_1)
FN:42,(anonymous_2)
FNF:3
FNH:3
FNDA:5,(anonymous_0)
FNDA:3,(anonymous_1)
FNDA:1,(anonymous_2)
DA:1,1
DA:2,1
DA:3,1
DA:4,1
DA:6,1
DA:7,5
DA:8,5
DA:9,5
DA:11,4
DA:12,1
DA:14,4
DA:15,4
DA:19,1
DA:20,3
DA:21,3
DA:22,3
DA:23,3
DA:24,3
DA:25,1
DA:26,1
DA:29,2
DA:30,2
DA:31,1
DA:32,1
DA:33,1
DA:35,1
DA:37,0
DA:38,0
DA:42,1
DA:43,1
DA:45,1
LF:31
LH:29
BRDA:24,0,0,1
BRDA:24,0,1,2
BRDA:30,1,0,1
BRDA:30,1,1,1
BRF:4
BRH:4
end_of_record
TN:
SF:backend\middleware\middleware.js
FN:4,(anonymous_0)
FN:8,(anonymous_1)
FNF:2
FNH:2
FNDA:13,(anonymous_0)
FNDA:12,(anonymous_1)
DA:1,3
DA:2,3
DA:4,3
DA:5,13
DA:8,3
DA:9,12
DA:10,12
DA:11,3
DA:12,3
DA:15,9
DA:16,9
DA:17,8
DA:18,8
DA:19,8
DA:21,8
DA:23,0
DA:26,1
DA:27,1
DA:31,3
LF:19
LH:18
BRDA:5,0,0,13
BRDA:5,0,1,1
BRDA:5,1,0,13
BRDA:5,1,1,1
BRDA:10,2,0,3
BRDA:10,2,1,9
BRDA:10,3,0,12
BRDA:10,3,1,10
BRDA:18,4,0,8
BRDA:18,4,1,0
BRF:10
BRH:9
end_of_record
TN:
SF:backend\models\Cart.js
FNF:0
FNH:0
DA:1,2
DA:3,2
DA:25,2
DA:26,2
LF:4
LH:4
BRF:0
BRH:0
end_of_record
TN:
SF:backend\models\Product.js
FNF:0
FNH:0
DA:1,4
DA:3,4
DA:26,4
DA:28,4
LF:4
LH:4
BRF:0
BRH:0
end_of_record
TN:
SF:backend\models\User.js
FNF:0
FNH:0
DA:1,6
DA:3,6
DA:21,6
DA:22,6
LF:4
LH:4
BRF:0
BRH:0
end_of_record
TN:
SF:backend\routes\cartRoutes.js
FNF:0
FNH:0
DA:1,1
DA:6,1
DA:7,1
DA:8,1
DA:10,1
DA:15,1
DA:17,1
LF:7
LH:7
BRF:0
BRH:0
end_of_record
TN:
SF:backend\routes\productRoutes.js
FNF:0
FNH:0
DA:1,1
DA:2,1
DA:6,1
DA:8,1
DA:9,1
DA:11,1
LF:6
LH:6
BRF:0
BRH:0
end_of_record
TN:
SF:backend\routes\userRoutes.js
FNF:0
FNH:0
DA:1,1
DA:6,1
DA:7,1
DA:8,1
DA:10,1
DA:11,1
DA:13,1
DA:15,1
LF:8
LH:8
BRF:0
BRH:0
end_of_record
TN:
SF:backend\utils\utility.function.js
FN:4,(anonymous_0)
FN:5,(anonymous_1)
FN:6,(anonymous_2)
FN:16,(anonymous_3)
FN:22,(anonymous_4)
FN:23,(anonymous_5)
FN:24,(anonymous_6)
FNF:7
FNH:7
FNDA:4,(anonymous_0)
FNDA:4,(anonymous_1)
FNDA:4,(anonymous_2)
FNDA:8,(anonymous_3)
FNDA:10,(anonymous_4)
FNDA:10,(anonymous_5)
FNDA:10,(anonymous_6)
DA:1,5
DA:2,5
DA:3,5
DA:4,5
DA:5,4
DA:6,4
DA:7,4
DA:8,0
DA:11,4
DA:16,5
DA:17,8
DA:22,5
DA:23,10
DA:24,10
DA:25,10
DA:26,1
DA:28,10
DA:32,5
LF:18
LH:17
BRDA:7,0,0,0
BRDA:7,0,1,4
BRDA:25,1,0,1
BRDA:25,1,1,9
BRF:4
BRH:3
end_of_record
